<?xml version="1.0" encoding="UTF-8"?>
<!-- Generated by org.testng.reporters.JUnitReportReporter -->
<testsuite skipped="0" hostname="DESKTOP-A1BBQ8E" name="planItTest.HomePageTests" tests="1" failures="0" timestamp="2021-07-15T01:17:00 AEST" time="1.632" errors="0">
  <testcase name="navigateToContactPage" time="1.632" classname="planItTest.HomePageTests"/>
  <system-out/>
</testsuite> <!-- planItTest.HomePageTests -->
